<?xml version="1.0" encoding="UTF-8"?>
<!-- Generated by org.testng.reporters.JUnitReportReporter -->
<testsuite skipped="0" hostname="DESKTOP-7ELKK84" name="test.CheckCountOfIpadInStockTest" tests="1" failures="0" timestamp="2020-06-12T15:02:30 EEST" time="3.942" errors="0">
  <testcase name="checkCountOfIpadInStockTest" time="3.942" classname="test.CheckCountOfIpadInStockTest"/>
  <system-out/>
</testsuite> <!-- test.CheckCountOfIpadInStockTest -->
